Determining if the pthread_create exist failed with the following output:
Change Dir: /home/workspace/c3-project/CMakeFiles/CMakeTmp

Run Build Command:"/usr/bin/make" "cmTC_4a52e/fast"
/usr/bin/make -f CMakeFiles/cmTC_4a52e.dir/build.make CMakeFiles/cmTC_4a52e.dir/build
make[1]: Entering directory '/home/workspace/c3-project/CMakeFiles/CMakeTmp'
Building C object CMakeFiles/cmTC_4a52e.dir/CheckSymbolExists.c.o
/usr/bin/cc    -o CMakeFiles/cmTC_4a52e.dir/CheckSymbolExists.c.o   -c /home/workspace/c3-project/CMakeFiles/CMakeTmp/CheckSymbolExists.c
Linking C executable cmTC_4a52e
/usr/local/bin/cmake -E cmake_link_script CMakeFiles/cmTC_4a52e.dir/link.txt --verbose=1
/usr/bin/cc      CMakeFiles/cmTC_4a52e.dir/CheckSymbolExists.c.o  -o cmTC_4a52e 
CMakeFiles/cmTC_4a52e.dir/CheckSymbolExists.c.o: In function `main':
CheckSymbolExists.c:(.text+0x1b): undefined reference to `pthread_create'
collect2: error: ld returned 1 exit status
CMakeFiles/cmTC_4a52e.dir/build.make:86: recipe for target 'cmTC_4a52e' failed
make[1]: *** [cmTC_4a52e] Error 1
make[1]: Leaving directory '/home/workspace/c3-project/CMakeFiles/CMakeTmp'
Makefile:121: recipe for target 'cmTC_4a52e/fast' failed
make: *** [cmTC_4a52e/fast] Error 2

File /home/workspace/c3-project/CMakeFiles/CMakeTmp/CheckSymbolExists.c:
/* */
#include <pthread.h>

int main(int argc, char** argv)
{
  (void)argv;
#ifndef pthread_create
  return ((int*)(&pthread_create))[argc];
#else
  (void)argc;
  return 0;
#endif
}

Determining if the function pthread_create exists in the pthreads failed with the following output:
Change Dir: /home/workspace/c3-project/CMakeFiles/CMakeTmp

Run Build Command:"/usr/bin/make" "cmTC_652fb/fast"
/usr/bin/make -f CMakeFiles/cmTC_652fb.dir/build.make CMakeFiles/cmTC_652fb.dir/build
make[1]: Entering directory '/home/workspace/c3-project/CMakeFiles/CMakeTmp'
Building C object CMakeFiles/cmTC_652fb.dir/CheckFunctionExists.c.o
/usr/bin/cc   -DCHECK_FUNCTION_EXISTS=pthread_create   -o CMakeFiles/cmTC_652fb.dir/CheckFunctionExists.c.o   -c /usr/local/share/cmake-3.13/Modules/CheckFunctionExists.c
Linking C executable cmTC_652fb
/usr/local/bin/cmake -E cmake_link_script CMakeFiles/cmTC_652fb.dir/link.txt --verbose=1
/usr/bin/cc  -DCHECK_FUNCTION_EXISTS=pthread_create    CMakeFiles/cmTC_652fb.dir/CheckFunctionExists.c.o  -o cmTC_652fb -lpthreads 
/usr/bin/ld: cannot find -lpthreads
collect2: error: ld returned 1 exit status
CMakeFiles/cmTC_652fb.dir/build.make:86: recipe for target 'cmTC_652fb' failed
make[1]: *** [cmTC_652fb] Error 1
make[1]: Leaving directory '/home/workspace/c3-project/CMakeFiles/CMakeTmp'
Makefile:121: recipe for target 'cmTC_652fb/fast' failed
make: *** [cmTC_652fb/fast] Error 2


